<?xml version="1.0" encoding="UTF-8"?>
<testsuite name="ru.stqa.pft.sandbox.tests.DistanceTest" tests="4" skipped="0" failures="0" errors="0" timestamp="2017-12-19T15:24:28" hostname="test001" time="0.007">
  <properties/>
  <testcase name="testDist" classname="ru.stqa.pft.sandbox.tests.DistanceTest" time="0.007"/>
  <testcase name="testDist1" classname="ru.stqa.pft.sandbox.tests.DistanceTest" time="0.0"/>
  <testcase name="testDist2" classname="ru.stqa.pft.sandbox.tests.DistanceTest" time="0.0"/>
  <testcase name="testDist3" classname="ru.stqa.pft.sandbox.tests.DistanceTest" time="0.0"/>
  <system-out><![CDATA[]]></system-out>
  <system-err><![CDATA[]]></system-err>
</testsuite>
