<?xml version="1.0" encoding="UTF-8"?>
<testsuite name="ru.stqa.pft.sandbox.tests.PrimeTests" tests="2" skipped="0" failures="0" errors="0" timestamp="2017-12-19T15:24:28" hostname="test001" time="0.01">
  <properties/>
  <testcase name="TestNonPrime" classname="ru.stqa.pft.sandbox.tests.PrimeTests" time="0.0"/>
  <testcase name="TestPrime" classname="ru.stqa.pft.sandbox.tests.PrimeTests" time="0.01"/>
  <system-out><![CDATA[]]></system-out>
  <system-err><![CDATA[]]></system-err>
</testsuite>
