<?xml version="1.0" encoding="UTF-8"?>
<testsuite name="ru.stqa.pft.sandbox.tests.EquationTest" tests="6" skipped="0" failures="0" errors="0" timestamp="2017-12-19T15:24:28" hostname="test001" time="0.01">
  <properties/>
  <testcase name="test0" classname="ru.stqa.pft.sandbox.tests.EquationTest" time="0.0"/>
  <testcase name="test1" classname="ru.stqa.pft.sandbox.tests.EquationTest" time="0.0"/>
  <testcase name="test2" classname="ru.stqa.pft.sandbox.tests.EquationTest" time="0.0"/>
  <testcase name="testConst" classname="ru.stqa.pft.sandbox.tests.EquationTest" time="0.0"/>
  <testcase name="testLinear" classname="ru.stqa.pft.sandbox.tests.EquationTest" time="0.0"/>
  <testcase name="testZero" classname="ru.stqa.pft.sandbox.tests.EquationTest" time="0.0"/>
  <system-out><![CDATA[]]></system-out>
  <system-err><![CDATA[]]></system-err>
</testsuite>
