<?xml version="1.0" encoding="UTF-8"?>
<testsuite name="ru.stqa.pft.addressbook.tests.ContactCreationTests" tests="3" skipped="0" failures="0" errors="0" timestamp="2017-09-18T14:24:32" hostname="test001" time="63.068">
  <properties/>
  <testcase name="testContactCreation[0](ContactData{firstname='Firstname0', lastname='Lastname0'})" classname="ru.stqa.pft.addressbook.tests.ContactCreationTests" time="22.184"/>
  <testcase name="testContactCreation[1](ContactData{firstname='Firstname1', lastname='Lastname1'})" classname="ru.stqa.pft.addressbook.tests.ContactCreationTests" time="19.764"/>
  <testcase name="testContactCreation[2](ContactData{firstname='Firstname2', lastname='Lastname2'})" classname="ru.stqa.pft.addressbook.tests.ContactCreationTests" time="21.12"/>
  <system-out><![CDATA[]]></system-out>
  <system-err><![CDATA[]]></system-err>
</testsuite>
